<?xml version="1.0" encoding="UTF-8"?>
<!-- Generated by org.testng.reporters.JUnitReportReporter -->
<testsuite skipped="0" hostname="DESKTOP-208T3B8" name="com.bc.CucumberOptions.TestRunner" tests="1" failures="0" timestamp="17 Oct 2018 05:26:36 GMT" time="13.478" errors="0">
  <testcase name="feature" time="13.478" classname="com.bc.CucumberOptions.TestRunner"/>
</testsuite> <!-- com.bc.CucumberOptions.TestRunner -->
