<?xml version="1.0" encoding="UTF-8"?>
<!-- Generated by org.testng.reporters.JUnitReportReporter -->
<testsuite skipped="0" hostname="DESKTOP-208T3B8" name="Cucumber.Automation.AppTest" tests="1" failures="0" timestamp="17 Oct 2018 05:26:36 GMT" time="0.054" errors="0">
  <testcase name="testApp" time="0.054" classname="Cucumber.Automation.AppTest"/>
</testsuite> <!-- Cucumber.Automation.AppTest -->
