<?xml version="1.0" encoding="UTF-8"?>
<!-- Generated by org.testng.reporters.JUnitReportReporter -->
<testsuite skipped="0" hostname="ADMINIB-7LLCN03" name="cucumberOptions.TestRunner" tests="1" failures="0" timestamp="30 May 2018 11:22:12 GMT" time="10.086" errors="0">
  <testcase name="feature" time="10.086" classname="cucumberOptions.TestRunner"/>
</testsuite> <!-- cucumberOptions.TestRunner -->
