<?xml version="1.0" encoding="UTF-8"?>
<!-- Generated by org.testng.reporters.JUnitReportReporter -->
<testsuite skipped="0" hostname="DESKTOP-208T3B8" name="com.bc.CucumberOptions.TestRunner" tests="1" failures="0" timestamp="12 Oct 2018 09:38:07 GMT" time="14.180" errors="0">
  <testcase name="feature" time="14.180" classname="com.bc.CucumberOptions.TestRunner"/>
</testsuite> <!-- com.bc.CucumberOptions.TestRunner -->
